[0.123s] Invoking command in '/home/yundo/f1tenth_ws/build/vesc_driver': AMENT_PREFIX_PATH=/home/yundo/f1tenth_ws/install/vesc_msgs:${AMENT_PREFIX_PATH} BYOBU_DATE=%Y-%m-%d CMAKE_PREFIX_PATH=/home/yundo/f1tenth_ws/install/vesc_msgs:/opt/ros/foxy LD_LIBRARY_PATH=/home/yundo/f1tenth_ws/install/vesc_msgs/lib:${LD_LIBRARY_PATH} PYTHONPATH=/home/yundo/f1tenth_ws/install/vesc_msgs/lib/python3.8/site-packages:${PYTHONPATH} /usr/bin/cmake /home/yundo/f1tenth_ws/src/f1tenth_system/vesc/vesc_driver -DCMAKE_INSTALL_PREFIX=/home/yundo/f1tenth_ws/install/vesc_driver
[0.775s] -- The C compiler identification is GNU 8.4.0
[1.161s] -- The CXX compiler identification is GNU 8.4.0
[1.201s] -- Check for working C compiler: /usr/bin/cc
[2.466s] -- Check for working C compiler: /usr/bin/cc -- works
[2.472s] -- Detecting C compiler ABI info
[3.145s] -- Detecting C compiler ABI info - done
[3.263s] -- Detecting C compile features
[3.265s] -- Detecting C compile features - done
[3.288s] -- Check for working CXX compiler: /usr/bin/c++
[4.045s] -- Check for working CXX compiler: /usr/bin/c++ -- works
[4.050s] -- Detecting CXX compiler ABI info
[4.922s] -- Detecting CXX compiler ABI info - done
[5.044s] -- Detecting CXX compile features
[5.046s] -- Detecting CXX compile features - done
[5.086s] -- Found ament_cmake_auto: 0.9.12 (/opt/ros/foxy/share/ament_cmake_auto/cmake)
[5.363s] -- Found PythonInterp: /usr/bin/python3 (found suitable version "3.8.10", minimum required is "3") 
[5.364s] -- Using PYTHON_EXECUTABLE: /usr/bin/python3
[9.079s] -- Using all available rosidl_typesupport_c: rosidl_typesupport_fastrtps_c;rosidl_typesupport_introspection_c
[9.157s] -- Found rosidl_adapter: 1.3.1 (/opt/ros/foxy/share/rosidl_adapter/cmake)
[10.042s] -- Found OpenSSL: /usr/lib/aarch64-linux-gnu/libcrypto.so (found version "1.1.1f")  
[10.193s] -- Found FastRTPS: /opt/ros/foxy/include  
[10.719s] -- Using all available rosidl_typesupport_cpp: rosidl_typesupport_fastrtps_cpp;rosidl_typesupport_introspection_cpp
[11.027s] -- Found rmw_implementation_cmake: 1.0.4 (/opt/ros/foxy/share/rmw_implementation_cmake/cmake)
[11.034s] -- Using RMW implementation 'rmw_fastrtps_cpp' as default
[11.037s] -- Looking for pthread.h
[11.539s] -- Looking for pthread.h - found
[11.540s] -- Performing Test CMAKE_HAVE_LIBC_PTHREAD
[12.063s] -- Performing Test CMAKE_HAVE_LIBC_PTHREAD - Failed
[12.064s] -- Looking for pthread_create in pthreads
[12.495s] -- Looking for pthread_create in pthreads - not found
[12.496s] -- Looking for pthread_create in pthread
[13.030s] -- Looking for pthread_create in pthread - found
[13.036s] -- Found Threads: TRUE  
[15.163s] -- Found ament_lint_auto: 0.9.8 (/opt/ros/foxy/share/ament_lint_auto/cmake)
[15.424s] -- Added test 'copyright' to check source files copyright and LICENSE
[15.445s] -- Added test 'cppcheck' to perform static code analysis on C / C++ code
[15.446s] -- Configured cppcheck include dirs: /home/yundo/f1tenth_ws/src/f1tenth_system/vesc/vesc_driver/include
[15.446s] -- Configured cppcheck exclude dirs and/or files: 
[15.455s] -- Added test 'cpplint' to check C / C++ code against the Google style
[15.455s] -- Configured cpplint exclude dirs and/or files: 
[15.470s] -- Added test 'flake8' to check Python code syntax and style conventions
[15.474s] -- Added test 'lint_cmake' to check CMake code style
[15.486s] -- Added test 'pep257' to check Python code against some of the style conventions in PEP 257
[15.493s] -- Added test 'uncrustify' to check C / C++ code style
[15.494s] -- Configured uncrustify additional arguments: 
[15.502s] -- Added test 'xmllint' to check XML markup files
[15.564s] -- Configuring done
[15.662s] -- Generating done
[15.670s] -- Build files have been written to: /home/yundo/f1tenth_ws/build/vesc_driver
[15.715s] Invoked command in '/home/yundo/f1tenth_ws/build/vesc_driver' returned '0': AMENT_PREFIX_PATH=/home/yundo/f1tenth_ws/install/vesc_msgs:${AMENT_PREFIX_PATH} BYOBU_DATE=%Y-%m-%d CMAKE_PREFIX_PATH=/home/yundo/f1tenth_ws/install/vesc_msgs:/opt/ros/foxy LD_LIBRARY_PATH=/home/yundo/f1tenth_ws/install/vesc_msgs/lib:${LD_LIBRARY_PATH} PYTHONPATH=/home/yundo/f1tenth_ws/install/vesc_msgs/lib/python3.8/site-packages:${PYTHONPATH} /usr/bin/cmake /home/yundo/f1tenth_ws/src/f1tenth_system/vesc/vesc_driver -DCMAKE_INSTALL_PREFIX=/home/yundo/f1tenth_ws/install/vesc_driver
[15.718s] Invoking command in '/home/yundo/f1tenth_ws/build/vesc_driver': AMENT_PREFIX_PATH=/home/yundo/f1tenth_ws/install/vesc_msgs:${AMENT_PREFIX_PATH} BYOBU_DATE=%Y-%m-%d CMAKE_PREFIX_PATH=/home/yundo/f1tenth_ws/install/vesc_msgs:/opt/ros/foxy LD_LIBRARY_PATH=/home/yundo/f1tenth_ws/install/vesc_msgs/lib:${LD_LIBRARY_PATH} PYTHONPATH=/home/yundo/f1tenth_ws/install/vesc_msgs/lib/python3.8/site-packages:${PYTHONPATH} /usr/bin/cmake --build /home/yundo/f1tenth_ws/build/vesc_driver -- -j4 -l4
[16.115s] [35m[1mScanning dependencies of target vesc_driver_node[0m
[16.118s] [35m[1mScanning dependencies of target vesc_driver[0m
[16.516s] [ 14%] [32mBuilding CXX object CMakeFiles/vesc_driver.dir/src/vesc_driver.cpp.o[0m
[16.522s] [ 28%] [32mBuilding CXX object CMakeFiles/vesc_driver.dir/src/vesc_interface.cpp.o[0m
[16.547s] [ 57%] [32mBuilding CXX object CMakeFiles/vesc_driver_node.dir/rclcpp_components/node_main_vesc_driver_node.cpp.o[0m
[16.559s] [ 57%] [32mBuilding CXX object CMakeFiles/vesc_driver.dir/src/vesc_packet.cpp.o[0m
[17.695s] [01m[K/home/yundo/f1tenth_ws/src/f1tenth_system/vesc/vesc_driver/src/vesc_interface.cpp:33:10:[m[K [01;31m[Kfatal error: [m[Kserial_driver/serial_driver.hpp: No such file or directory
[17.695s]  #include [01;31m[K"serial_driver/serial_driver.hpp"[m[K
[17.696s]           [01;31m[K^~~~~~~~~~~~~~~~~~~~~~~~~~~~~~~~~[m[K
[17.696s] compilation terminated.
[17.700s] make[2]: *** [CMakeFiles/vesc_driver.dir/build.make:76: CMakeFiles/vesc_driver.dir/src/vesc_interface.cpp.o] Error 1
[17.700s] make[2]: *** Waiting for unfinished jobs....
[38.268s] [ 71%] [32m[1mLinking CXX executable vesc_driver_node[0m
[39.685s] [ 71%] Built target vesc_driver_node
[55.953s] make[1]: *** [CMakeFiles/Makefile2:107: CMakeFiles/vesc_driver.dir/all] Error 2
[55.953s] make: *** [Makefile:141: all] Error 2
[55.963s] Invoked command in '/home/yundo/f1tenth_ws/build/vesc_driver' returned '2': AMENT_PREFIX_PATH=/home/yundo/f1tenth_ws/install/vesc_msgs:${AMENT_PREFIX_PATH} BYOBU_DATE=%Y-%m-%d CMAKE_PREFIX_PATH=/home/yundo/f1tenth_ws/install/vesc_msgs:/opt/ros/foxy LD_LIBRARY_PATH=/home/yundo/f1tenth_ws/install/vesc_msgs/lib:${LD_LIBRARY_PATH} PYTHONPATH=/home/yundo/f1tenth_ws/install/vesc_msgs/lib/python3.8/site-packages:${PYTHONPATH} /usr/bin/cmake --build /home/yundo/f1tenth_ws/build/vesc_driver -- -j4 -l4
